[0mGET /mov_bbb.mp4 [33m404 [0m9.413 ms - 150[0m
[0mGET /mov_bbb.ogg [33m404 [0m1.293 ms - 150[0m
[0mGET /Complementos/css/bootstrap.css.map [33m404 [0m0.855 ms - 173[0m
[0mGET /mov_bbb.mp4 [33m404 [0m0.261 ms - 150[0m
[0mGET /mov_bbb.ogg [33m404 [0m1.733 ms - 150[0m
[0mGET /Complementos/css/bootstrap.css.map [33m404 [0m1.031 ms - 173[0m
[0mGET /sadasd [33m404 [0m0.478 ms - 145[0m
::1 - - [11/Sep/2017:23:08:05 +0000] "GET /sadasd HTTP/1.1" 404 145 "-" "Mozilla/5.0 (Windows NT 6.1; Win64; x64; rv:55.0) Gecko/20100101 Firefox/55.0"
::1 - - [11/Sep/2017:23:10:03 +0000] "GET /sadasd HTTP/1.1" 404 145 "-" "Mozilla/5.0 (Windows NT 6.1; Win64; x64; rv:55.0) Gecko/20100101 Firefox/55.0"
::1 - - [11/Sep/2017:23:10:08 +0000] "GET /mov_bbb.mp4 HTTP/1.1" 404 150 "http://localhost:3000/" "Mozilla/5.0 (Windows NT 6.1; Win64; x64; rv:55.0) Gecko/20100101 Firefox/55.0"
::1 - - [11/Sep/2017:23:10:08 +0000] "GET /mov_bbb.ogg HTTP/1.1" 404 150 "http://localhost:3000/" "Mozilla/5.0 (Windows NT 6.1; Win64; x64; rv:55.0) Gecko/20100101 Firefox/55.0"
::1 - - [11/Sep/2017:23:10:10 +0000] "GET /Complementos/css/bootstrap.css.map HTTP/1.1" 404 173 "-" "Mozilla/5.0 (Windows NT 6.1; Win64; x64; rv:55.0) Gecko/20100101 Firefox/55.0"
[0mGET /mov_bbb.mp4 [33m404 [0m4.818 ms - 150[0m
[0mGET /mov_bbb.ogg [33m404 [0m1.044 ms - 150[0m
[0mGET /favicon.ico [33m404 [0m0.868 ms - 150[0m
[0mGET /favicon.ico [33m404 [0m1.382 ms - 150[0m
[0mGET /Complementos/css/bootstrap.css.map [33m404 [0m8.106 ms - 173[0m
[0mGET /mov_bbb.mp4 [33m404 [0m6.389 ms - 150[0m
[0mGET /mov_bbb.ogg [33m404 [0m2.639 ms - 150[0m
[0mGET /Complementos/css/bootstrap.css.map [33m404 [0m0.856 ms - 173[0m
[0mGET /mov_bbb.mp4 [33m404 [0m2.885 ms - 150[0m
[0mGET /mov_bbb.ogg [33m404 [0m1.076 ms - 150[0m
[0mGET /Complementos/css/bootstrap.css.map [33m404 [0m0.880 ms - 173[0m
[0mPOST /register [33m404 [0m0.677 ms - 148[0m
[0mPOST /register [33m404 [0m1.509 ms - 148[0m
[0mPOST /register [33m404 [0m0.694 ms - 148[0m
[0mPOST /register [31m500 [0m50.404 ms - 1460[0m
[0mGET /mov_bbb.mp4 [33m404 [0m3.481 ms - 150[0m
[0mGET /mov_bbb.ogg [33m404 [0m1.471 ms - 150[0m
[0mGET /Complementos/css/bootstrap.css.map [33m404 [0m1.555 ms - 173[0m
[0mPOST /register [31m500 [0m8.003 ms - 1460[0m
[0mPOST /register [0m- [0m- ms - -[0m
[0mPOST /register [0m- [0m- ms - -[0m
[0mPOST /register [0m- [0m- ms - -[0m
[0mPOST /register [31m500 [0m25.672 ms - 1494[0m
[0mPOST /register [31m500 [0m19.664 ms - 1494[0m
[0mPOST /register [0m- [0m- ms - -[0m
[0mPOST /register [0m- [0m- ms - -[0m
[0mPOST /register [0m- [0m- ms - -[0m
[0mPOST /register [0m- [0m- ms - -[0m
[0mGET /mov_bbb.mp4 [33m404 [0m3.098 ms - 150[0m
[0mGET /mov_bbb.ogg [33m404 [0m1.576 ms - 150[0m
[0mGET /Complementos/css/bootstrap.css.map [33m404 [0m0.872 ms - 173[0m
[0mPOST /register [32m200 [0m2.758 ms - 42[0m
[0mPOST /register [32m200 [0m0.580 ms - 42[0m
[0mPOST /register [32m200 [0m1.266 ms - 42[0m
[0mPOST /register [32m200 [0m0.514 ms - 42[0m
[0mPOST /register [32m200 [0m5.329 ms - 5[0m
[0mPOST /register [32m200 [0m2.957 ms - 5[0m
[0mGET /mov_bbb.mp4 [33m404 [0m2.215 ms - 150[0m
[0mGET /mov_bbb.ogg [33m404 [0m1.288 ms - 150[0m
[0mGET /Complementos/css/bootstrap.css.map [33m404 [0m0.908 ms - 173[0m
[0mGET /mov_bbb.mp4 [33m404 [0m0.474 ms - 150[0m
[0mGET /mov_bbb.ogg [33m404 [0m0.190 ms - 150[0m
[0mGET /Complementos/css/bootstrap.css.map [33m404 [0m0.178 ms - 173[0m
[0mGET /mov_bbb.mp4 [33m404 [0m0.521 ms - 150[0m
[0mGET /mov_bbb.ogg [33m404 [0m0.511 ms - 150[0m
[0mGET /Complementos/css/bootstrap.css.map [33m404 [0m0.484 ms - 173[0m
[0mPOST /register [32m200 [0m5.231 ms - 24[0m
[0mPOST /register [32m200 [0m1.235 ms - 24[0m
[0mPOST /register [32m200 [0m0.741 ms - 24[0m
[0mPOST /register [32m200 [0m1.142 ms - 5[0m
[0mPOST /register [32m200 [0m5.156 ms - 38[0m
[0mPOST /register [32m200 [0m1.211 ms - 41[0m
[0mPOST /register [32m200 [0m0.778 ms - 36[0m
[0mPOST /register [32m200 [0m0.489 ms - 36[0m
[0mPOST /register [32m200 [0m0.787 ms - 36[0m
[0mPOST /register [32m200 [0m0.916 ms - 36[0m
[0mPOST /register [32m200 [0m0.610 ms - 5[0m
[0mPOST /register [32m200 [0m5.021 ms - 55[0m
[0mPOST /register [32m200 [0m1.306 ms - 58[0m
[0mPOST /register [32m200 [0m1.974 ms - 5[0m
[0mPOST /register [32m200 [0m4.989 ms - 72[0m
[0mPOST /register [32m200 [0m1.559 ms - 72[0m
[0mPOST /register [32m200 [0m1.430 ms - 72[0m
[0mPOST /register [32m200 [0m0.445 ms - 72[0m
[0mPOST /register [32m200 [0m8.562 ms - 5[0m
[0mGET /mov_bbb.mp4 [33m404 [0m2.515 ms - 150[0m
[0mGET /mov_bbb.ogg [33m404 [0m1.151 ms - 150[0m
[0mGET /Complementos/css/bootstrap.css.map [33m404 [0m1.332 ms - 173[0m
[0mPOST /register [32m200 [0m3.486 ms - 72[0m
[0mGET /mov_bbb.mp4 [33m404 [0m5.404 ms - 150[0m
[0mGET /mov_bbb.ogg [33m404 [0m1.457 ms - 150[0m
[0mGET /Complementos/css/bootstrap.css.map [33m404 [0m0.952 ms - 173[0m
[0mPOST /register [32m200 [0m3.258 ms - 72[0m
[0mPOST /register [32m200 [0m2.621 ms - 72[0m
[0mPOST /register [32m200 [0m1.916 ms - 5[0m
[0mPOST /register [32m200 [0m75.336 ms - 56[0m
[0mPOST /register [32m200 [0m9.089 ms - 55[0m
[0mPOST /register [32m200 [0m1.357 ms - 55[0m
[0mPOST /register [32m200 [0m85.883 ms - 99[0m
[0mGET /mov_bbb.mp4 [33m404 [0m2.289 ms - 150[0m
[0mGET /mov_bbb.ogg [33m404 [0m1.104 ms - 150[0m
[0mGET /Complementos/css/bootstrap.css.map [33m404 [0m0.487 ms - 173[0m
[0mPOST /register [32m200 [0m60.560 ms - 99[0m
[0mPOST /register [32m200 [0m5.859 ms - 99[0m
[0mPOST /register [32m200 [0m1.807 ms - 99[0m
[0mPOST /register [32m200 [0m1.439 ms - 99[0m
[0mPOST /register [32m200 [0m5.205 ms - 99[0m
[0mPOST /register [32m200 [0m2.475 ms - 99[0m
[0mPOST /register [32m200 [0m5.385 ms - 99[0m
[0mPOST /register [32m200 [0m2.371 ms - 99[0m
[0mGET /mov_bbb.mp4 [33m404 [0m12.658 ms - 150[0m
[0mGET /mov_bbb.ogg [33m404 [0m1.693 ms - 150[0m
[0mGET /Complementos/css/bootstrap.css.map [33m404 [0m0.859 ms - 173[0m
[0mPOST /register [32m200 [0m3.254 ms - 72[0m
[0mPOST /register [32m200 [0m0.870 ms - 55[0m
[0mPOST /register [32m200 [0m0.554 ms - 72[0m
[0mPOST /register [32m200 [0m1.355 ms - 99[0m
[0mPOST /register [32m200 [0m5.126 ms - 82[0m
[0mPOST /register [32m200 [0m1.797 ms - 82[0m
[0mPOST /register [32m200 [0m0.808 ms - 82[0m
[0mPOST /register [32m200 [0m0.452 ms - 82[0m
[0mPOST /register [32m200 [0m0.529 ms - 82[0m
[0mPOST /register [32m200 [0m0.936 ms - 82[0m
[0mPOST /register [32m200 [0m0.437 ms - 82[0m
[0mPOST /register [32m200 [0m5.288 ms - 82[0m
[0mGET /mov_bbb.mp4 [33m404 [0m3.138 ms - 150[0m
[0mGET /mov_bbb.ogg [33m404 [0m1.589 ms - 150[0m
[0mGET /Complementos/css/bootstrap.css.map [33m404 [0m1.822 ms - 173[0m
[0mPOST /register [32m200 [0m3.112 ms - 56[0m
[0mGET /mov_bbb.mp4 [33m404 [0m2.743 ms - 150[0m
[0mGET /mov_bbb.ogg [33m404 [0m2.125 ms - 150[0m
[0mGET /Complementos/css/bootstrap.css.map [33m404 [0m0.918 ms - 173[0m
[0mPOST /register [32m200 [0m4.639 ms - 56[0m
[0mPOST /register [32m200 [0m0.715 ms - 56[0m
[0mPOST /register [32m200 [0m0.622 ms - 56[0m
[0mGET /mov_bbb.mp4 [33m404 [0m4.046 ms - 150[0m
[0mGET /mov_bbb.ogg [33m404 [0m1.127 ms - 150[0m
[0mGET /Complementos/css/bootstrap.css.map [33m404 [0m14.391 ms - 173[0m
[0mPOST /register [32m200 [0m3.615 ms - 56[0m
[0mGET /mov_bbb.mp4 [33m404 [0m5.090 ms - 150[0m
[0mGET /mov_bbb.ogg [33m404 [0m1.640 ms - 150[0m
[0mGET /Complementos/css/bootstrap.css.map [33m404 [0m0.984 ms - 173[0m
[0mPOST /register [32m200 [0m3.251 ms - 56[0m
[0mPOST /register [32m200 [0m7.527 ms - 56[0m
[0mPOST /register [32m200 [0m5.220 ms - 56[0m
[0mGET /mov_bbb.mp4 [33m404 [0m8.128 ms - 150[0m
[0mGET /mov_bbb.ogg [33m404 [0m0.728 ms - 150[0m
[0mGET /Complementos/css/bootstrap.css.map [33m404 [0m1.097 ms - 173[0m
[0mPOST /register [32m200 [0m1.056 ms - 56[0m
[0mGET /mov_bbb.mp4 [33m404 [0m4.267 ms - 150[0m
[0mGET /mov_bbb.ogg [33m404 [0m1.159 ms - 150[0m
[0mGET /Complementos/css/bootstrap.css.map [33m404 [0m1.152 ms - 173[0m
[0mPOST /register [32m200 [0m3.107 ms - 56[0m
[0mPOST /register [32m200 [0m5.038 ms - 64[0m
[0mPOST /register [32m200 [0m5.114 ms - 56[0m
[0mGET /mov_bbb.mp4 [33m404 [0m3.833 ms - 150[0m
[0mGET /mov_bbb.ogg [33m404 [0m1.161 ms - 150[0m
[0mGET /Complementos/css/bootstrap.css.map [33m404 [0m13.771 ms - 173[0m
[0mPOST /register [32m200 [0m3.088 ms - 56[0m
[0mGET /mov_bbb.mp4 [33m404 [0m0.255 ms - 150[0m
[0mGET /mov_bbb.ogg [33m404 [0m0.293 ms - 150[0m
[0mGET /Complementos/css/bootstrap.css.map [33m404 [0m0.194 ms - 173[0m
[0mGET /mov_bbb.mp4 [33m404 [0m18.441 ms - 150[0m
[0mGET /mov_bbb.ogg [33m404 [0m4.753 ms - 150[0m
[0mGET /Complementos/css/bootstrap.css.map [33m404 [0m0.852 ms - 173[0m
[0mPOST /register [32m200 [0m3.415 ms - 56[0m
[0mGET /mov_bbb.mp4 [33m404 [0m1.215 ms - 150[0m
[0mGET /mov_bbb.ogg [33m404 [0m0.887 ms - 150[0m
[0mGET /Complementos/css/bootstrap.css.map [33m404 [0m0.565 ms - 173[0m
[0mGET /mov_bbb.mp4 [33m404 [0m23.229 ms - 150[0m
[0mGET /mov_bbb.ogg [33m404 [0m3.066 ms - 150[0m
